<?xml version="1.0" encoding="UTF-8"?>
<testsuite name="lab3.AppTest" tests="5" skipped="0" failures="0" errors="0" timestamp="2021-09-28T14:23:35" hostname="LTUCSTUDENT-L10" time="0.066">
  <properties/>
  <testcase name="emptyFile()" classname="lab3.AppTest" time="0.033"/>
  <testcase name="hasSemicolonFewErrors()" classname="lab3.AppTest" time="0.009"/>
  <testcase name="hasSemicolonManyErrors()" classname="lab3.AppTest" time="0.013"/>
  <testcase name="hasSemicolonOneErrors()" classname="lab3.AppTest" time="0.004"/>
  <testcase name="hasSemicolonNoErrors()" classname="lab3.AppTest" time="0.003"/>
  <system-out><![CDATA[Line 2: Missing semicolon.
Line 9: Missing semicolon.
Line 10: Missing semicolon.
Line 11: Missing semicolon.
Line 13: Missing semicolon.
Line 2: Missing semicolon.
Line 9: Missing semicolon.
Line 10: Missing semicolon.
Line 11: Missing semicolon.
Line 13: Missing semicolon.
Line 2: Missing semicolon.
Line 9: Missing semicolon.
Line 10: Missing semicolon.
Line 11: Missing semicolon.
Line 16: Missing semicolon.
Line 23: Missing semicolon.
Line 24: Missing semicolon.
Line 25: Missing semicolon.
Line 30: Missing semicolon.
Line 37: Missing semicolon.
Line 38: Missing semicolon.
Line 39: Missing semicolon.
Line 44: Missing semicolon.
Line 51: Missing semicolon.
Line 52: Missing semicolon.
Line 53: Missing semicolon.
Line 58: Missing semicolon.
Line 65: Missing semicolon.
Line 66: Missing semicolon.
Line 67: Missing semicolon.
Line 72: Missing semicolon.
Line 79: Missing semicolon.
Line 80: Missing semicolon.
Line 81: Missing semicolon.
Line 86: Missing semicolon.
Line 93: Missing semicolon.
Line 94: Missing semicolon.
Line 95: Missing semicolon.
Line 100: Missing semicolon.
Line 107: Missing semicolon.
Line 108: Missing semicolon.
Line 109: Missing semicolon.
Line 114: Missing semicolon.
Line 121: Missing semicolon.
Line 122: Missing semicolon.
Line 123: Missing semicolon.
Line 128: Missing semicolon.
Line 135: Missing semicolon.
Line 136: Missing semicolon.
Line 137: Missing semicolon.
Line 2: Missing semicolon.
Line 9: Missing semicolon.
Line 10: Missing semicolon.
Line 11: Missing semicolon.
Line 16: Missing semicolon.
Line 23: Missing semicolon.
Line 24: Missing semicolon.
Line 25: Missing semicolon.
Line 30: Missing semicolon.
Line 37: Missing semicolon.
Line 38: Missing semicolon.
Line 39: Missing semicolon.
Line 44: Missing semicolon.
Line 51: Missing semicolon.
Line 52: Missing semicolon.
Line 53: Missing semicolon.
Line 58: Missing semicolon.
Line 65: Missing semicolon.
Line 66: Missing semicolon.
Line 67: Missing semicolon.
Line 72: Missing semicolon.
Line 79: Missing semicolon.
Line 80: Missing semicolon.
Line 81: Missing semicolon.
Line 86: Missing semicolon.
Line 93: Missing semicolon.
Line 94: Missing semicolon.
Line 95: Missing semicolon.
Line 100: Missing semicolon.
Line 107: Missing semicolon.
Line 108: Missing semicolon.
Line 109: Missing semicolon.
Line 114: Missing semicolon.
Line 121: Missing semicolon.
Line 122: Missing semicolon.
Line 123: Missing semicolon.
Line 128: Missing semicolon.
Line 135: Missing semicolon.
Line 136: Missing semicolon.
Line 137: Missing semicolon.
Line 2: Missing semicolon.
Line 15: Missing semicolon.
Line 2: Missing semicolon.
Line 15: Missing semicolon.
]]></system-out>
  <system-err><![CDATA[]]></system-err>
</testsuite>
